<component name="libraryTable">
  <library name="junit-jupiter-params-5.3.2">
    <CLASSES>
      <root url="jar://$PROJECT_DIR$/../junit-jupiter-params-5.3.2.jar!/" />
    </CLASSES>
    <JAVADOC />
    <SOURCES />
  </library>
</component>