<component name="libraryTable">
  <library name="junit-jupiter-api-5.3.1">
    <CLASSES>
      <root url="jar://$PROJECT_DIR$/../Master/java-projects/lib/junit-jupiter-api-5.3.1.jar!/" />
      <root url="jar://$USER_HOME$/hackathon/lib/junit-jupiter-api-5.4.0.jar!/" />
    </CLASSES>
    <JAVADOC />
    <SOURCES />
  </library>
</component>